Mon May 15 10:23:54 2023       
+-----------------------------------------------------------------------------+
| NVIDIA-SMI 510.47.03    Driver Version: 510.47.03    CUDA Version: 11.6     |
|-------------------------------+----------------------+----------------------+
| GPU  Name        Persistence-M| Bus-Id        Disp.A | Volatile Uncorr. ECC |
| Fan  Temp  Perf  Pwr:Usage/Cap|         Memory-Usage | GPU-Util  Compute M. |
|                               |                      |               MIG M. |
|===============================+======================+======================|
|   0  NVIDIA A30          On   | 00000000:03:00.0 Off |                    0 |
| N/A   24C    P0    27W / 165W |  18207MiB / 24576MiB |      0%      Default |
|                               |                      |             Disabled |
+-------------------------------+----------------------+----------------------+
|   1  NVIDIA A30          On   | 00000000:85:00.0 Off |                    0 |
| N/A   19C    P0    25W / 165W |      0MiB / 24576MiB |      0%      Default |
|                               |                      |             Disabled |
+-------------------------------+----------------------+----------------------+
                                                                               
+-----------------------------------------------------------------------------+
| Processes:                                                                  |
|  GPU   GI   CI        PID   Type   Process name                  GPU Memory |
|        ID   ID                                                   Usage      |
|=============================================================================|
|    0   N/A  N/A    122058      C                                   18205MiB |
+-----------------------------------------------------------------------------+
2023/05/15 10:24:31 INFO mlflow.tracking.fluent: Experiment with name 'MLP EEG' does not exist. Creating a new experiment.
2023/05/15 10:24:32 WARNING mlflow.utils.git_utils: Failed to import Git (the Git executable is probably not on your PATH), so Git SHA is not available. Error: Failed to initialize: Bad git executable.
The git executable must be specified in one of the following ways:
    - be included in your $PATH
    - be set via $GIT_PYTHON_GIT_EXECUTABLE
    - explicitly set via git.refresh()

All git commands will error until this is rectified.

This initial warning can be silenced or aggravated in the future by setting the
$GIT_PYTHON_REFRESH environment variable. Use one of the following values:
    - quiet|q|silence|s|none|n|0: for no warning or exception
    - warn|w|warning|1: for a printed warning
    - error|e|raise|r|2: for a raised exception

Example:
    export GIT_PYTHON_REFRESH=quiet

Using cpu device.
Loading dataset...
Ignoring file data/windows_per_csv/chb01_03_preictal_3.csv with unexpected dimensions (10112, 22)
Dataset loaded.
Creating dataloader...
Dataloader created.
  0%|          | 0/10 [00:00<?, ?it/s]/home/mnsosa/miniconda3/envs/torch-gpu/lib/python3.11/site-packages/_distutils_hack/__init__.py:33: UserWarning: Setuptools is replacing distutils.
  warnings.warn("Setuptools is replacing distutils.")
 10%|█         | 1/10 [00:37<05:40, 37.85s/it] 20%|██        | 2/10 [01:11<04:42, 35.35s/it] 30%|███       | 3/10 [01:44<04:01, 34.44s/it] 40%|████      | 4/10 [02:18<03:25, 34.17s/it] 50%|█████     | 5/10 [02:52<02:50, 34.03s/it] 60%|██████    | 6/10 [03:26<02:15, 33.99s/it] 70%|███████   | 7/10 [03:59<01:41, 33.90s/it] 80%|████████  | 8/10 [04:33<01:07, 33.73s/it] 90%|█████████ | 9/10 [05:06<00:33, 33.69s/it]100%|██████████| 10/10 [05:40<00:00, 33.70s/it]100%|██████████| 10/10 [05:40<00:00, 34.07s/it]
Epoch [1/10], Loss: 68.48450956706456
Epoch [2/10], Loss: 31.29296898385805
Epoch [3/10], Loss: 8.979774226810386
Epoch [4/10], Loss: 4.938975629770258
Epoch [5/10], Loss: 2.3761909282919604
Epoch [6/10], Loss: 0.7061502973581288
Epoch [7/10], Loss: 0.6037298555409292
Epoch [8/10], Loss: 0.5654429670340914
Epoch [9/10], Loss: 0.8060592807303563
Epoch [10/10], Loss: 3.2305512791817823
Entrenamiento finalizado.
