Sun Jun  4 15:40:20 2023       
+-----------------------------------------------------------------------------+
| NVIDIA-SMI 510.47.03    Driver Version: 510.47.03    CUDA Version: 11.6     |
|-------------------------------+----------------------+----------------------+
| GPU  Name        Persistence-M| Bus-Id        Disp.A | Volatile Uncorr. ECC |
| Fan  Temp  Perf  Pwr:Usage/Cap|         Memory-Usage | GPU-Util  Compute M. |
|                               |                      |               MIG M. |
|===============================+======================+======================|
|   0  NVIDIA A30          On   | 00000000:03:00.0 Off |                    0 |
| N/A   19C    P0    27W / 165W |      0MiB / 24576MiB |      0%      Default |
|                               |                      |             Disabled |
+-------------------------------+----------------------+----------------------+
|   1  NVIDIA A30          On   | 00000000:85:00.0 Off |                    0 |
| N/A   36C    P0   101W / 165W |    285MiB / 24576MiB |     53%      Default |
|                               |                      |             Disabled |
+-------------------------------+----------------------+----------------------+
                                                                               
+-----------------------------------------------------------------------------+
| Processes:                                                                  |
|  GPU   GI   CI        PID   Type   Process name                  GPU Memory |
|        ID   ID                                                   Usage      |
|=============================================================================|
|    1   N/A  N/A    219590      C                                     283MiB |
+-----------------------------------------------------------------------------+
Activando entorno virtual
Entorno virtual activado
slurmstepd: error: *** JOB 14519 ON ivb08 CANCELLED AT 2023-06-04T15:40:28 ***
