Wed May 17 21:59:35 2023       
+-----------------------------------------------------------------------------+
| NVIDIA-SMI 510.47.03    Driver Version: 510.47.03    CUDA Version: 11.6     |
|-------------------------------+----------------------+----------------------+
| GPU  Name        Persistence-M| Bus-Id        Disp.A | Volatile Uncorr. ECC |
| Fan  Temp  Perf  Pwr:Usage/Cap|         Memory-Usage | GPU-Util  Compute M. |
|                               |                      |               MIG M. |
|===============================+======================+======================|
|   0  NVIDIA A30          On   | 00000000:03:00.0 Off |                    0 |
| N/A   32C    P0    26W / 165W |      0MiB / 24576MiB |      0%      Default |
|                               |                      |             Disabled |
+-------------------------------+----------------------+----------------------+
|   1  NVIDIA A30          On   | 00000000:85:00.0 Off |                    0 |
| N/A   40C    P0   122W / 165W |    615MiB / 24576MiB |     93%      Default |
|                               |                      |             Disabled |
+-------------------------------+----------------------+----------------------+
                                                                               
+-----------------------------------------------------------------------------+
| Processes:                                                                  |
|  GPU   GI   CI        PID   Type   Process name                  GPU Memory |
|        ID   ID                                                   Usage      |
|=============================================================================|
|    1   N/A  N/A    317607      C                                     613MiB |
+-----------------------------------------------------------------------------+
2023/05/17 22:00:09 WARNING mlflow.utils.git_utils: Failed to import Git (the Git executable is probably not on your PATH), so Git SHA is not available. Error: Failed to initialize: Bad git executable.
The git executable must be specified in one of the following ways:
    - be included in your $PATH
    - be set via $GIT_PYTHON_GIT_EXECUTABLE
    - explicitly set via git.refresh()

All git commands will error until this is rectified.

This initial warning can be silenced or aggravated in the future by setting the
$GIT_PYTHON_REFRESH environment variable. Use one of the following values:
    - quiet|q|silence|s|none|n|0: for no warning or exception
    - warn|w|warning|1: for a printed warning
    - error|e|raise|r|2: for a raised exception

Example:
    export GIT_PYTHON_REFRESH=quiet

Using cpu device.
Loading dataset...
Ignoring file data/windows_per_csv/chb01_03_preictal_3.csv with unexpected dimensions (10112, 22)
Dataset loaded.
Creating dataloader...
Dataloader created.
  0%|          | 0/10 [00:00<?, ?it/s]/home/mnsosa/miniconda3/envs/torch-gpu/lib/python3.11/site-packages/_distutils_hack/__init__.py:33: UserWarning: Setuptools is replacing distutils.
  warnings.warn("Setuptools is replacing distutils.")
 10%|█         | 1/10 [00:36<05:27, 36.43s/it] 20%|██        | 2/10 [01:09<04:34, 34.30s/it] 30%|███       | 3/10 [01:41<03:55, 33.58s/it] 40%|████      | 4/10 [02:15<03:20, 33.43s/it] 50%|█████     | 5/10 [02:47<02:46, 33.21s/it] 60%|██████    | 6/10 [03:20<02:12, 33.13s/it] 70%|███████   | 7/10 [03:54<01:39, 33.17s/it] 80%|████████  | 8/10 [04:27<01:06, 33.15s/it] 90%|█████████ | 9/10 [05:00<00:33, 33.10s/it]100%|██████████| 10/10 [05:33<00:00, 33.14s/it]100%|██████████| 10/10 [05:33<00:00, 33.35s/it]
Epoch [1/10], Loss: 58.82459475725712
Epoch [2/10], Loss: 32.33621952981551
Epoch [3/10], Loss: 11.507334339016841
Epoch [4/10], Loss: 3.5526622485471075
Epoch [5/10], Loss: 1.3249338728651128
Epoch [6/10], Loss: 1.6776377154548436
Epoch [7/10], Loss: 0.5568950612158723
Epoch [8/10], Loss: 0.4909933516747304
Epoch [9/10], Loss: 0.37411108925773223
Epoch [10/10], Loss: 0.23315189104149422
Entrenamiento finalizado.
